<?xml version="1.0" encoding="UTF-8"?>
<!-- Generated by org.testng.reporters.JUnitXMLReporter -->
<testsuite ignored="3" hostname="LAPTOP-OCIA1DL8" failures="0" tests="10" name="FirefoxTest" time="459.164" errors="0" timestamp="2025-09-02T15:58:03 IST">
  <testcase classname="testDataPackage.ManageNewsTest" name="verify_UserIs_AbleTo_ManageTheNews" time="0.0">
    <skipped/>
  </testcase> <!-- verify_UserIs_AbleTo_ManageTheNews -->
  <testcase classname="testDataPackage.ManageNewsTest" name="verify_UserIs_AbleTo_UpdateTheNews" time="0.0">
    <skipped/>
  </testcase> <!-- verify_UserIs_AbleTo_UpdateTheNews -->
  <testcase classname="testDataPackage.AdminUserTest" name="verify_UserIs_AbleTo_UpdateAdminUserInformation" time="0.0">
    <skipped/>
  </testcase> <!-- verify_UserIs_AbleTo_UpdateAdminUserInformation -->
  <testcase classname="testDataPackage.AdminUserTest" name="verify_User_IsAbleTo_AddAdminUserInformations" time="0.0">
    <skipped/>
  </testcase> <!-- verify_User_IsAbleTo_AddAdminUserInformations -->
  <testcase classname="testDataPackage.LoginTest" name="verify_UserIs_AbleTo_LoginWithValidCredentials" time="0.0">
    <skipped/>
  </testcase> <!-- verify_UserIs_AbleTo_LoginWithValidCredentials -->
  <testcase classname="testDataPackage.ManageFooterTextTest" name="verify_User_Is_Able_ToUpdate_TheManageFooterText" time="0.0">
    <skipped/>
  </testcase> <!-- verify_User_Is_Able_ToUpdate_TheManageFooterText -->
  <testcase classname="testDataPackage.ManageCategoryTest" name="verify_UserIs_AbleTo_AddCategoryInManageCategory" time="0.001">
    <skipped/>
  </testcase> <!-- verify_UserIs_AbleTo_AddCategoryInManageCategory -->
  <testcase classname="testDataPackage.ManageCategoryTest" name="verify_UserIs_AbleTo_UpdateCategoryInManageCategory" time="0.0">
    <skipped/>
  </testcase> <!-- verify_UserIs_AbleTo_UpdateCategoryInManageCategory -->
  <testcase classname="testDataPackage.LogoutTest" name="verify_UserIs_AbleTo_LogoutFromTheApplication" time="0.004">
    <skipped/>
  </testcase> <!-- verify_UserIs_AbleTo_LogoutFromTheApplication -->
  <testcase classname="testDataPackage.ManageContactTest" name="verify_UserIs_AbleTo_UpdateTheContact" time="0.0">
    <skipped/>
  </testcase> <!-- verify_UserIs_AbleTo_UpdateTheContact -->
  <testcase classname="testDataPackage.LoginTest" name="verify_UserIs_AbleTo_loginWithUsernameValidAndPasswordInvalid" time="0.0">
    <ignored/>
  </testcase> <!-- verify_UserIs_AbleTo_loginWithUsernameValidAndPasswordInvalid -->
  <testcase classname="testDataPackage.LoginTest" name="verify_UserIs_AbleTo_LoginWithInvalidCredentials" time="0.0">
    <ignored/>
  </testcase> <!-- verify_UserIs_AbleTo_LoginWithInvalidCredentials -->
  <testcase classname="testDataPackage.LoginTest" name="verify_UserIs_AbleTo_LoginWithPasswordValidAndUsernameInvalid" time="0.0">
    <ignored/>
  </testcase> <!-- verify_UserIs_AbleTo_LoginWithPasswordValidAndUsernameInvalid -->
</testsuite> <!-- FirefoxTest -->
