<?xml version="1.0" encoding="UTF-8"?>
<testng-results ignored="3" total="13" passed="10" failed="0" skipped="0">
  <reporter-output>
  </reporter-output>
  <suite started-at="2025-08-29T10:52:29 IST" name="Suite" finished-at="2025-08-29T10:54:23 IST" duration-ms="113314">
    <groups>
      <group name="regression">
        <method signature="ManageNewsTest.manageNews()[pri:0, instance:testDataPackage.ManageNewsTest@642a7222]" name="manageNews" class="testDataPackage.ManageNewsTest"/>
      </group> <!-- regression -->
      <group name="smoke">
        <method signature="AdminUserTest.updateAdminUserInformation()[pri:0, instance:testDataPackage.AdminUserTest@4a07d605]" name="updateAdminUserInformation" class="testDataPackage.AdminUserTest"/>
      </group> <!-- smoke -->
    </groups>
    <test started-at="2025-08-29T10:52:29 IST" name="Test" finished-at="2025-08-29T10:54:23 IST" duration-ms="113314">
      <class name="testDataPackage.AdminUserTest">
        <test-method is-config="true" signature="browserInitialization(java.lang.String)[pri:0, instance:testDataPackage.AdminUserTest@4a07d605]" started-at="2025-08-29T10:52:59 IST" name="browserInitialization" finished-at="2025-08-29T10:53:04 IST" duration-ms="5309" status="PASS">
          <params>
            <param index="0">
              <value>
                <![CDATA[chrome]]>
              </value>
            </param>
          </params>
          <reporter-output>
          </reporter-output>
        </test-method> <!-- browserInitialization -->
        <test-method signature="addAdminUserInformations()[pri:0, instance:testDataPackage.AdminUserTest@4a07d605]" started-at="2025-08-29T10:53:04 IST" name="addAdminUserInformations" description="To create new Admin User Informations" finished-at="2025-08-29T10:53:10 IST" duration-ms="5756" status="PASS">
          <reporter-output>
          </reporter-output>
        </test-method> <!-- addAdminUserInformations -->
        <test-method is-config="true" signature="browserQuit(org.testng.ITestResult)[pri:0, instance:testDataPackage.AdminUserTest@4a07d605]" started-at="2025-08-29T10:53:10 IST" name="browserQuit" finished-at="2025-08-29T10:53:10 IST" duration-ms="564" status="PASS">
          <params>
            <param index="0">
              <value>
                <![CDATA[[TestResult name=addAdminUserInformations status=SUCCESS method=AdminUserTest.addAdminUserInformations()[pri:0, instance:testDataPackage.AdminUserTest@4a07d605] output={null}]]]>
              </value>
            </param>
          </params>
          <reporter-output>
          </reporter-output>
        </test-method> <!-- browserQuit -->
        <test-method is-config="true" signature="browserInitialization(java.lang.String)[pri:0, instance:testDataPackage.AdminUserTest@4a07d605]" started-at="2025-08-29T10:53:10 IST" name="browserInitialization" finished-at="2025-08-29T10:53:15 IST" duration-ms="4819" status="PASS">
          <params>
            <param index="0">
              <value>
                <![CDATA[chrome]]>
              </value>
            </param>
          </params>
          <reporter-output>
          </reporter-output>
        </test-method> <!-- browserInitialization -->
        <test-method signature="updateAdminUserInformation()[pri:0, instance:testDataPackage.AdminUserTest@4a07d605]" started-at="2025-08-29T10:53:15 IST" name="updateAdminUserInformation" description="To Update the adminuser informations" finished-at="2025-08-29T10:53:21 IST" duration-ms="5418" status="PASS">
          <reporter-output>
          </reporter-output>
        </test-method> <!-- updateAdminUserInformation -->
        <test-method is-config="true" signature="browserQuit(org.testng.ITestResult)[pri:0, instance:testDataPackage.AdminUserTest@4a07d605]" started-at="2025-08-29T10:53:21 IST" name="browserQuit" finished-at="2025-08-29T10:53:21 IST" duration-ms="651" status="PASS">
          <params>
            <param index="0">
              <value>
                <![CDATA[[TestResult name=updateAdminUserInformation status=SUCCESS method=AdminUserTest.updateAdminUserInformation()[pri:0, instance:testDataPackage.AdminUserTest@4a07d605] output={null}]]]>
              </value>
            </param>
          </params>
          <reporter-output>
          </reporter-output>
        </test-method> <!-- browserQuit -->
      </class> <!-- testDataPackage.AdminUserTest -->
      <class name="testDataPackage.ManageContactTest">
        <test-method is-config="true" signature="browserInitialization(java.lang.String)[pri:0, instance:testDataPackage.ManageContactTest@68746f22]" started-at="2025-08-29T10:54:11 IST" name="browserInitialization" finished-at="2025-08-29T10:54:16 IST" duration-ms="4954" status="PASS">
          <params>
            <param index="0">
              <value>
                <![CDATA[chrome]]>
              </value>
            </param>
          </params>
          <reporter-output>
          </reporter-output>
        </test-method> <!-- browserInitialization -->
        <test-method signature="updateContact()[pri:0, instance:testDataPackage.ManageContactTest@68746f22]" started-at="2025-08-29T10:54:16 IST" name="updateContact" description="To update the contact" finished-at="2025-08-29T10:54:22 IST" duration-ms="6191" status="PASS">
          <reporter-output>
          </reporter-output>
        </test-method> <!-- updateContact -->
        <test-method is-config="true" signature="browserQuit(org.testng.ITestResult)[pri:0, instance:testDataPackage.ManageContactTest@68746f22]" started-at="2025-08-29T10:54:22 IST" name="browserQuit" finished-at="2025-08-29T10:54:23 IST" duration-ms="570" status="PASS">
          <params>
            <param index="0">
              <value>
                <![CDATA[[TestResult name=updateContact status=SUCCESS method=ManageContactTest.updateContact()[pri:0, instance:testDataPackage.ManageContactTest@68746f22] output={null}]]]>
              </value>
            </param>
          </params>
          <reporter-output>
          </reporter-output>
        </test-method> <!-- browserQuit -->
      </class> <!-- testDataPackage.ManageContactTest -->
      <class name="testDataPackage.ManageFooterTextTest">
        <test-method is-config="true" signature="browserInitialization(java.lang.String)[pri:0, instance:testDataPackage.ManageFooterTextTest@7d7758be]" started-at="2025-08-29T10:53:28 IST" name="browserInitialization" finished-at="2025-08-29T10:53:33 IST" duration-ms="4683" status="PASS">
          <params>
            <param index="0">
              <value>
                <![CDATA[chrome]]>
              </value>
            </param>
          </params>
          <reporter-output>
          </reporter-output>
        </test-method> <!-- browserInitialization -->
        <test-method signature="footerTextUpdate()[pri:0, instance:testDataPackage.ManageFooterTextTest@7d7758be]" started-at="2025-08-29T10:53:33 IST" name="footerTextUpdate" description="To update the Footer Text" finished-at="2025-08-29T10:53:38 IST" duration-ms="4825" status="PASS">
          <reporter-output>
          </reporter-output>
        </test-method> <!-- footerTextUpdate -->
        <test-method is-config="true" signature="browserQuit(org.testng.ITestResult)[pri:0, instance:testDataPackage.ManageFooterTextTest@7d7758be]" started-at="2025-08-29T10:53:38 IST" name="browserQuit" finished-at="2025-08-29T10:53:38 IST" duration-ms="541" status="PASS">
          <params>
            <param index="0">
              <value>
                <![CDATA[[TestResult name=footerTextUpdate status=SUCCESS method=ManageFooterTextTest.footerTextUpdate()[pri:0, instance:testDataPackage.ManageFooterTextTest@7d7758be] output={null}]]]>
              </value>
            </param>
          </params>
          <reporter-output>
          </reporter-output>
        </test-method> <!-- browserQuit -->
      </class> <!-- testDataPackage.ManageFooterTextTest -->
      <class name="testDataPackage.LogoutTest">
        <test-method is-config="true" signature="browserInitialization(java.lang.String)[pri:0, instance:testDataPackage.LogoutTest@5f9edf14]" started-at="2025-08-29T10:54:03 IST" name="browserInitialization" finished-at="2025-08-29T10:54:08 IST" duration-ms="4910" status="PASS">
          <params>
            <param index="0">
              <value>
                <![CDATA[chrome]]>
              </value>
            </param>
          </params>
          <reporter-output>
          </reporter-output>
        </test-method> <!-- browserInitialization -->
        <test-method signature="logout()[pri:0, instance:testDataPackage.LogoutTest@5f9edf14]" started-at="2025-08-29T10:54:08 IST" name="logout" description="To logout the page" finished-at="2025-08-29T10:54:10 IST" duration-ms="2481" status="PASS">
          <reporter-output>
          </reporter-output>
        </test-method> <!-- logout -->
        <test-method is-config="true" signature="browserQuit(org.testng.ITestResult)[pri:0, instance:testDataPackage.LogoutTest@5f9edf14]" started-at="2025-08-29T10:54:10 IST" name="browserQuit" finished-at="2025-08-29T10:54:11 IST" duration-ms="524" status="PASS">
          <params>
            <param index="0">
              <value>
                <![CDATA[[TestResult name=logout status=SUCCESS method=LogoutTest.logout()[pri:0, instance:testDataPackage.LogoutTest@5f9edf14] output={null}]]]>
              </value>
            </param>
          </params>
          <reporter-output>
          </reporter-output>
        </test-method> <!-- browserQuit -->
      </class> <!-- testDataPackage.LogoutTest -->
      <class name="testDataPackage.ManageNewsTest">
        <test-method is-config="true" signature="browserInitialization(java.lang.String)[pri:0, instance:testDataPackage.ManageNewsTest@642a7222]" started-at="2025-08-29T10:52:29 IST" name="browserInitialization" finished-at="2025-08-29T10:52:42 IST" duration-ms="12218" status="PASS">
          <params>
            <param index="0">
              <value>
                <![CDATA[chrome]]>
              </value>
            </param>
          </params>
          <reporter-output>
          </reporter-output>
        </test-method> <!-- browserInitialization -->
        <test-method signature="manageNews()[pri:0, instance:testDataPackage.ManageNewsTest@642a7222]" started-at="2025-08-29T10:52:42 IST" name="manageNews" description="To add a new news " finished-at="2025-08-29T10:52:48 IST" duration-ms="6396" status="PASS">
          <reporter-output>
          </reporter-output>
        </test-method> <!-- manageNews -->
        <test-method is-config="true" signature="browserQuit(org.testng.ITestResult)[pri:0, instance:testDataPackage.ManageNewsTest@642a7222]" started-at="2025-08-29T10:52:48 IST" name="browserQuit" finished-at="2025-08-29T10:52:49 IST" duration-ms="578" status="PASS">
          <params>
            <param index="0">
              <value>
                <![CDATA[[TestResult name=manageNews status=SUCCESS method=ManageNewsTest.manageNews()[pri:0, instance:testDataPackage.ManageNewsTest@642a7222] output={null}]]]>
              </value>
            </param>
          </params>
          <reporter-output>
          </reporter-output>
        </test-method> <!-- browserQuit -->
        <test-method is-config="true" signature="browserInitialization(java.lang.String)[pri:0, instance:testDataPackage.ManageNewsTest@642a7222]" started-at="2025-08-29T10:52:49 IST" name="browserInitialization" finished-at="2025-08-29T10:52:54 IST" duration-ms="5030" status="PASS">
          <params>
            <param index="0">
              <value>
                <![CDATA[chrome]]>
              </value>
            </param>
          </params>
          <reporter-output>
          </reporter-output>
        </test-method> <!-- browserInitialization -->
        <test-method signature="newsUpdate()[pri:0, instance:testDataPackage.ManageNewsTest@642a7222]" started-at="2025-08-29T10:52:54 IST" name="newsUpdate" description="To update a news" finished-at="2025-08-29T10:52:58 IST" duration-ms="4402" status="PASS">
          <reporter-output>
          </reporter-output>
        </test-method> <!-- newsUpdate -->
        <test-method is-config="true" signature="browserQuit(org.testng.ITestResult)[pri:0, instance:testDataPackage.ManageNewsTest@642a7222]" started-at="2025-08-29T10:52:58 IST" name="browserQuit" finished-at="2025-08-29T10:52:59 IST" duration-ms="557" status="PASS">
          <params>
            <param index="0">
              <value>
                <![CDATA[[TestResult name=newsUpdate status=SUCCESS method=ManageNewsTest.newsUpdate()[pri:0, instance:testDataPackage.ManageNewsTest@642a7222] output={null}]]]>
              </value>
            </param>
          </params>
          <reporter-output>
          </reporter-output>
        </test-method> <!-- browserQuit -->
      </class> <!-- testDataPackage.ManageNewsTest -->
      <class name="testDataPackage.ManageCategoryTest">
        <test-method is-config="true" signature="browserInitialization(java.lang.String)[pri:0, instance:testDataPackage.ManageCategoryTest@2bdd8394]" started-at="2025-08-29T10:53:38 IST" name="browserInitialization" finished-at="2025-08-29T10:53:43 IST" duration-ms="4580" status="PASS">
          <params>
            <param index="0">
              <value>
                <![CDATA[chrome]]>
              </value>
            </param>
          </params>
          <reporter-output>
          </reporter-output>
        </test-method> <!-- browserInitialization -->
        <test-method signature="addCategory()[pri:0, instance:testDataPackage.ManageCategoryTest@2bdd8394]" started-at="2025-08-29T10:53:43 IST" name="addCategory" description="to add categories with photos" finished-at="2025-08-29T10:53:49 IST" duration-ms="6232" status="PASS">
          <reporter-output>
          </reporter-output>
        </test-method> <!-- addCategory -->
        <test-method is-config="true" signature="browserQuit(org.testng.ITestResult)[pri:0, instance:testDataPackage.ManageCategoryTest@2bdd8394]" started-at="2025-08-29T10:53:49 IST" name="browserQuit" finished-at="2025-08-29T10:53:50 IST" duration-ms="523" status="PASS">
          <params>
            <param index="0">
              <value>
                <![CDATA[[TestResult name=addCategory status=SUCCESS method=ManageCategoryTest.addCategory()[pri:0, instance:testDataPackage.ManageCategoryTest@2bdd8394] output={null}]]]>
              </value>
            </param>
          </params>
          <reporter-output>
          </reporter-output>
        </test-method> <!-- browserQuit -->
        <test-method is-config="true" signature="browserInitialization(java.lang.String)[pri:0, instance:testDataPackage.ManageCategoryTest@2bdd8394]" started-at="2025-08-29T10:53:50 IST" name="browserInitialization" finished-at="2025-08-29T10:53:56 IST" duration-ms="5964" status="PASS">
          <params>
            <param index="0">
              <value>
                <![CDATA[chrome]]>
              </value>
            </param>
          </params>
          <reporter-output>
          </reporter-output>
        </test-method> <!-- browserInitialization -->
        <test-method signature="updateCategory()[pri:0, instance:testDataPackage.ManageCategoryTest@2bdd8394]" started-at="2025-08-29T10:53:56 IST" name="updateCategory" description="To update the category" finished-at="2025-08-29T10:54:02 IST" duration-ms="6760" status="PASS">
          <reporter-output>
          </reporter-output>
        </test-method> <!-- updateCategory -->
        <test-method is-config="true" signature="browserQuit(org.testng.ITestResult)[pri:0, instance:testDataPackage.ManageCategoryTest@2bdd8394]" started-at="2025-08-29T10:54:02 IST" name="browserQuit" finished-at="2025-08-29T10:54:03 IST" duration-ms="633" status="PASS">
          <params>
            <param index="0">
              <value>
                <![CDATA[[TestResult name=updateCategory status=SUCCESS method=ManageCategoryTest.updateCategory()[pri:0, instance:testDataPackage.ManageCategoryTest@2bdd8394] output={null}]]]>
              </value>
            </param>
          </params>
          <reporter-output>
          </reporter-output>
        </test-method> <!-- browserQuit -->
      </class> <!-- testDataPackage.ManageCategoryTest -->
      <class name="testDataPackage.LoginTest">
        <test-method is-config="true" signature="browserInitialization(java.lang.String)[pri:0, instance:testDataPackage.LoginTest@74287ea3]" started-at="2025-08-29T10:53:21 IST" name="browserInitialization" finished-at="2025-08-29T10:53:26 IST" duration-ms="4500" status="PASS">
          <params>
            <param index="0">
              <value>
                <![CDATA[chrome]]>
              </value>
            </param>
          </params>
          <reporter-output>
          </reporter-output>
        </test-method> <!-- browserInitialization -->
        <test-method signature="loginWithValidCredentials()[pri:1, instance:testDataPackage.LoginTest@74287ea3]" started-at="2025-08-29T10:53:26 IST" name="loginWithValidCredentials" description="Login with Valid username and password" finished-at="2025-08-29T10:53:28 IST" duration-ms="1937" status="PASS">
          <reporter-output>
          </reporter-output>
        </test-method> <!-- loginWithValidCredentials -->
        <test-method is-config="true" signature="browserQuit(org.testng.ITestResult)[pri:0, instance:testDataPackage.LoginTest@74287ea3]" started-at="2025-08-29T10:53:28 IST" name="browserQuit" finished-at="2025-08-29T10:53:28 IST" duration-ms="563" status="PASS">
          <params>
            <param index="0">
              <value>
                <![CDATA[[TestResult name=loginWithValidCredentials status=SUCCESS method=LoginTest.loginWithValidCredentials()[pri:1, instance:testDataPackage.LoginTest@74287ea3] output={null}]]]>
              </value>
            </param>
          </params>
          <reporter-output>
          </reporter-output>
        </test-method> <!-- browserQuit -->
      </class> <!-- testDataPackage.LoginTest -->
    </test> <!-- Test -->
  </suite> <!-- Suite -->
</testng-results>
