<?xml version="1.0" encoding="UTF-8"?>
<testng-results ignored="3" total="13" passed="10" failed="0" skipped="0">
  <reporter-output>
  </reporter-output>
  <suite started-at="2025-09-09T11:00:12 IST" name="Suite" finished-at="2025-09-09T11:02:32 IST" duration-ms="139909">
    <groups>
      <group name="regression">
        <method signature="ManageNewsTest.verify_UserIs_AbleTo_ManageTheNews()[pri:0, instance:testDataPackage.ManageNewsTest@769a1df5]" name="verify_UserIs_AbleTo_ManageTheNews" class="testDataPackage.ManageNewsTest"/>
      </group> <!-- regression -->
      <group name="smoke">
        <method signature="AdminUserTest.verify_UserIs_AbleTo_UpdateAdminUserInformation()[pri:0, instance:testDataPackage.AdminUserTest@376a0d86]" name="verify_UserIs_AbleTo_UpdateAdminUserInformation" class="testDataPackage.AdminUserTest"/>
      </group> <!-- smoke -->
    </groups>
    <test started-at="2025-09-09T11:00:12 IST" name="Test" finished-at="2025-09-09T11:02:32 IST" duration-ms="139909">
      <class name="testDataPackage.AdminUserTest">
        <test-method is-config="true" signature="browserInitialization(java.lang.String)[pri:0, instance:testDataPackage.AdminUserTest@376a0d86]" started-at="2025-09-09T11:00:52 IST" name="browserInitialization" finished-at="2025-09-09T11:00:57 IST" duration-ms="5578" status="PASS">
          <params>
            <param index="0">
              <value>
                <![CDATA[chrome]]>
              </value>
            </param>
          </params>
          <reporter-output>
          </reporter-output>
        </test-method> <!-- browserInitialization -->
        <test-method signature="verify_UserIs_AbleTo_UpdateAdminUserInformation()[pri:0, instance:testDataPackage.AdminUserTest@376a0d86]" started-at="2025-09-09T11:00:57 IST" name="verify_UserIs_AbleTo_UpdateAdminUserInformation" description="To Update the adminuser informations" finished-at="2025-09-09T11:01:04 IST" duration-ms="6880" status="PASS">
          <reporter-output>
          </reporter-output>
        </test-method> <!-- verify_UserIs_AbleTo_UpdateAdminUserInformation -->
        <test-method is-config="true" signature="browserQuit(org.testng.ITestResult)[pri:0, instance:testDataPackage.AdminUserTest@376a0d86]" started-at="2025-09-09T11:01:04 IST" name="browserQuit" finished-at="2025-09-09T11:01:06 IST" duration-ms="1367" status="PASS">
          <params>
            <param index="0">
              <value>
                <![CDATA[[TestResult name=verify_UserIs_AbleTo_UpdateAdminUserInformation status=SUCCESS method=AdminUserTest.verify_UserIs_AbleTo_UpdateAdminUserInformation()[pri:0, instance:testDataPackage.AdminUserTest@376a0d86] output={null}]]]>
              </value>
            </param>
          </params>
          <reporter-output>
          </reporter-output>
        </test-method> <!-- browserQuit -->
        <test-method is-config="true" signature="browserInitialization(java.lang.String)[pri:0, instance:testDataPackage.AdminUserTest@376a0d86]" started-at="2025-09-09T11:01:06 IST" name="browserInitialization" finished-at="2025-09-09T11:01:12 IST" duration-ms="6504" status="PASS">
          <params>
            <param index="0">
              <value>
                <![CDATA[chrome]]>
              </value>
            </param>
          </params>
          <reporter-output>
          </reporter-output>
        </test-method> <!-- browserInitialization -->
        <test-method signature="verify_User_IsAbleTo_AddAdminUserInformations()[pri:0, instance:testDataPackage.AdminUserTest@376a0d86]" started-at="2025-09-09T11:01:12 IST" name="verify_User_IsAbleTo_AddAdminUserInformations" description="To create new Admin User Informations" finished-at="2025-09-09T11:01:18 IST" duration-ms="6103" status="PASS">
          <reporter-output>
          </reporter-output>
        </test-method> <!-- verify_User_IsAbleTo_AddAdminUserInformations -->
        <test-method is-config="true" signature="browserQuit(org.testng.ITestResult)[pri:0, instance:testDataPackage.AdminUserTest@376a0d86]" started-at="2025-09-09T11:01:18 IST" name="browserQuit" finished-at="2025-09-09T11:01:19 IST" duration-ms="902" status="PASS">
          <params>
            <param index="0">
              <value>
                <![CDATA[[TestResult name=verify_User_IsAbleTo_AddAdminUserInformations status=SUCCESS method=AdminUserTest.verify_User_IsAbleTo_AddAdminUserInformations()[pri:0, instance:testDataPackage.AdminUserTest@376a0d86] output={null}]]]>
              </value>
            </param>
          </params>
          <reporter-output>
          </reporter-output>
        </test-method> <!-- browserQuit -->
      </class> <!-- testDataPackage.AdminUserTest -->
      <class name="testDataPackage.ManageContactTest">
        <test-method is-config="true" signature="browserInitialization(java.lang.String)[pri:0, instance:testDataPackage.ManageContactTest@7d61eb55]" started-at="2025-09-09T11:02:19 IST" name="browserInitialization" finished-at="2025-09-09T11:02:24 IST" duration-ms="4809" status="PASS">
          <params>
            <param index="0">
              <value>
                <![CDATA[chrome]]>
              </value>
            </param>
          </params>
          <reporter-output>
          </reporter-output>
        </test-method> <!-- browserInitialization -->
        <test-method signature="verify_UserIs_AbleTo_UpdateTheContact()[pri:0, instance:testDataPackage.ManageContactTest@7d61eb55]" started-at="2025-09-09T11:02:24 IST" name="verify_UserIs_AbleTo_UpdateTheContact" description="To update the contact" finished-at="2025-09-09T11:02:31 IST" duration-ms="7289" status="PASS">
          <reporter-output>
          </reporter-output>
        </test-method> <!-- verify_UserIs_AbleTo_UpdateTheContact -->
        <test-method is-config="true" signature="browserQuit(org.testng.ITestResult)[pri:0, instance:testDataPackage.ManageContactTest@7d61eb55]" started-at="2025-09-09T11:02:31 IST" name="browserQuit" finished-at="2025-09-09T11:02:32 IST" duration-ms="919" status="PASS">
          <params>
            <param index="0">
              <value>
                <![CDATA[[TestResult name=verify_UserIs_AbleTo_UpdateTheContact status=SUCCESS method=ManageContactTest.verify_UserIs_AbleTo_UpdateTheContact()[pri:0, instance:testDataPackage.ManageContactTest@7d61eb55] output={null}]]]>
              </value>
            </param>
          </params>
          <reporter-output>
          </reporter-output>
        </test-method> <!-- browserQuit -->
      </class> <!-- testDataPackage.ManageContactTest -->
      <class name="testDataPackage.ManageFooterTextTest">
        <test-method is-config="true" signature="browserInitialization(java.lang.String)[pri:0, instance:testDataPackage.ManageFooterTextTest@17d919b6]" started-at="2025-09-09T11:01:28 IST" name="browserInitialization" finished-at="2025-09-09T11:01:34 IST" duration-ms="5525" status="PASS">
          <params>
            <param index="0">
              <value>
                <![CDATA[chrome]]>
              </value>
            </param>
          </params>
          <reporter-output>
          </reporter-output>
        </test-method> <!-- browserInitialization -->
        <test-method signature="verify_User_Is_Able_ToUpdate_TheManageFooterText()[pri:0, instance:testDataPackage.ManageFooterTextTest@17d919b6]" started-at="2025-09-09T11:01:34 IST" name="verify_User_Is_Able_ToUpdate_TheManageFooterText" description="To update the Footer Text" finished-at="2025-09-09T11:01:39 IST" duration-ms="5546" status="PASS">
          <reporter-output>
          </reporter-output>
        </test-method> <!-- verify_User_Is_Able_ToUpdate_TheManageFooterText -->
        <test-method is-config="true" signature="browserQuit(org.testng.ITestResult)[pri:0, instance:testDataPackage.ManageFooterTextTest@17d919b6]" started-at="2025-09-09T11:01:39 IST" name="browserQuit" finished-at="2025-09-09T11:01:40 IST" duration-ms="913" status="PASS">
          <params>
            <param index="0">
              <value>
                <![CDATA[[TestResult name=verify_User_Is_Able_ToUpdate_TheManageFooterText status=SUCCESS method=ManageFooterTextTest.verify_User_Is_Able_ToUpdate_TheManageFooterText()[pri:0, instance:testDataPackage.ManageFooterTextTest@17d919b6] output={null}]]]>
              </value>
            </param>
          </params>
          <reporter-output>
          </reporter-output>
        </test-method> <!-- browserQuit -->
      </class> <!-- testDataPackage.ManageFooterTextTest -->
      <class name="testDataPackage.LogoutTest">
        <test-method is-config="true" signature="browserInitialization(java.lang.String)[pri:0, instance:testDataPackage.LogoutTest@34129c78]" started-at="2025-09-09T11:02:09 IST" name="browserInitialization" finished-at="2025-09-09T11:02:15 IST" duration-ms="6569" status="PASS">
          <params>
            <param index="0">
              <value>
                <![CDATA[chrome]]>
              </value>
            </param>
          </params>
          <reporter-output>
          </reporter-output>
        </test-method> <!-- browserInitialization -->
        <test-method signature="verify_UserIs_AbleTo_LogoutFromTheApplication()[pri:0, instance:testDataPackage.LogoutTest@34129c78]" started-at="2025-09-09T11:02:15 IST" name="verify_UserIs_AbleTo_LogoutFromTheApplication" description="To logout the page" finished-at="2025-09-09T11:02:18 IST" duration-ms="2909" status="PASS">
          <reporter-output>
          </reporter-output>
        </test-method> <!-- verify_UserIs_AbleTo_LogoutFromTheApplication -->
        <test-method is-config="true" signature="browserQuit(org.testng.ITestResult)[pri:0, instance:testDataPackage.LogoutTest@34129c78]" started-at="2025-09-09T11:02:18 IST" name="browserQuit" finished-at="2025-09-09T11:02:19 IST" duration-ms="750" status="PASS">
          <params>
            <param index="0">
              <value>
                <![CDATA[[TestResult name=verify_UserIs_AbleTo_LogoutFromTheApplication status=SUCCESS method=LogoutTest.verify_UserIs_AbleTo_LogoutFromTheApplication()[pri:0, instance:testDataPackage.LogoutTest@34129c78] output={null}]]]>
              </value>
            </param>
          </params>
          <reporter-output>
          </reporter-output>
        </test-method> <!-- browserQuit -->
      </class> <!-- testDataPackage.LogoutTest -->
      <class name="testDataPackage.ManageNewsTest">
        <test-method is-config="true" signature="browserInitialization(java.lang.String)[pri:0, instance:testDataPackage.ManageNewsTest@769a1df5]" started-at="2025-09-09T11:00:12 IST" name="browserInitialization" finished-at="2025-09-09T11:00:26 IST" duration-ms="13610" status="PASS">
          <params>
            <param index="0">
              <value>
                <![CDATA[chrome]]>
              </value>
            </param>
          </params>
          <reporter-output>
          </reporter-output>
        </test-method> <!-- browserInitialization -->
        <test-method signature="verify_UserIs_AbleTo_ManageTheNews()[pri:0, instance:testDataPackage.ManageNewsTest@769a1df5]" started-at="2025-09-09T11:00:26 IST" name="verify_UserIs_AbleTo_ManageTheNews" description="To add a new news " finished-at="2025-09-09T11:00:37 IST" duration-ms="10839" status="PASS">
          <reporter-output>
          </reporter-output>
        </test-method> <!-- verify_UserIs_AbleTo_ManageTheNews -->
        <test-method is-config="true" signature="browserQuit(org.testng.ITestResult)[pri:0, instance:testDataPackage.ManageNewsTest@769a1df5]" started-at="2025-09-09T11:00:37 IST" name="browserQuit" finished-at="2025-09-09T11:00:40 IST" duration-ms="2695" status="PASS">
          <params>
            <param index="0">
              <value>
                <![CDATA[[TestResult name=verify_UserIs_AbleTo_ManageTheNews status=SUCCESS method=ManageNewsTest.verify_UserIs_AbleTo_ManageTheNews()[pri:0, instance:testDataPackage.ManageNewsTest@769a1df5] output={null}]]]>
              </value>
            </param>
          </params>
          <reporter-output>
          </reporter-output>
        </test-method> <!-- browserQuit -->
        <test-method is-config="true" signature="browserInitialization(java.lang.String)[pri:0, instance:testDataPackage.ManageNewsTest@769a1df5]" started-at="2025-09-09T11:00:40 IST" name="browserInitialization" finished-at="2025-09-09T11:00:46 IST" duration-ms="6294" status="PASS">
          <params>
            <param index="0">
              <value>
                <![CDATA[chrome]]>
              </value>
            </param>
          </params>
          <reporter-output>
          </reporter-output>
        </test-method> <!-- browserInitialization -->
        <test-method signature="verify_UserIs_AbleTo_UpdateTheNews()[pri:0, instance:testDataPackage.ManageNewsTest@769a1df5]" started-at="2025-09-09T11:00:46 IST" name="verify_UserIs_AbleTo_UpdateTheNews" description="To update a news" finished-at="2025-09-09T11:00:51 IST" duration-ms="5008" status="PASS">
          <reporter-output>
          </reporter-output>
        </test-method> <!-- verify_UserIs_AbleTo_UpdateTheNews -->
        <test-method is-config="true" signature="browserQuit(org.testng.ITestResult)[pri:0, instance:testDataPackage.ManageNewsTest@769a1df5]" started-at="2025-09-09T11:00:51 IST" name="browserQuit" finished-at="2025-09-09T11:00:52 IST" duration-ms="838" status="PASS">
          <params>
            <param index="0">
              <value>
                <![CDATA[[TestResult name=verify_UserIs_AbleTo_UpdateTheNews status=SUCCESS method=ManageNewsTest.verify_UserIs_AbleTo_UpdateTheNews()[pri:0, instance:testDataPackage.ManageNewsTest@769a1df5] output={null}]]]>
              </value>
            </param>
          </params>
          <reporter-output>
          </reporter-output>
        </test-method> <!-- browserQuit -->
      </class> <!-- testDataPackage.ManageNewsTest -->
      <class name="testDataPackage.ManageCategoryTest">
        <test-method is-config="true" signature="browserInitialization(java.lang.String)[pri:0, instance:testDataPackage.ManageCategoryTest@53f3bdbd]" started-at="2025-09-09T11:01:40 IST" name="browserInitialization" finished-at="2025-09-09T11:01:46 IST" duration-ms="5583" status="PASS">
          <params>
            <param index="0">
              <value>
                <![CDATA[chrome]]>
              </value>
            </param>
          </params>
          <reporter-output>
          </reporter-output>
        </test-method> <!-- browserInitialization -->
        <test-method signature="verify_UserIs_AbleTo_AddCategoryInManageCategory()[pri:0, instance:testDataPackage.ManageCategoryTest@53f3bdbd]" started-at="2025-09-09T11:01:46 IST" name="verify_UserIs_AbleTo_AddCategoryInManageCategory" description="to add categories with photos" finished-at="2025-09-09T11:01:54 IST" duration-ms="8089" status="PASS">
          <reporter-output>
          </reporter-output>
        </test-method> <!-- verify_UserIs_AbleTo_AddCategoryInManageCategory -->
        <test-method is-config="true" signature="browserQuit(org.testng.ITestResult)[pri:0, instance:testDataPackage.ManageCategoryTest@53f3bdbd]" started-at="2025-09-09T11:01:54 IST" name="browserQuit" finished-at="2025-09-09T11:01:55 IST" duration-ms="781" status="PASS">
          <params>
            <param index="0">
              <value>
                <![CDATA[[TestResult name=verify_UserIs_AbleTo_AddCategoryInManageCategory status=SUCCESS method=ManageCategoryTest.verify_UserIs_AbleTo_AddCategoryInManageCategory()[pri:0, instance:testDataPackage.ManageCategoryTest@53f3bdbd] output={null}]]]>
              </value>
            </param>
          </params>
          <reporter-output>
          </reporter-output>
        </test-method> <!-- browserQuit -->
        <test-method is-config="true" signature="browserInitialization(java.lang.String)[pri:0, instance:testDataPackage.ManageCategoryTest@53f3bdbd]" started-at="2025-09-09T11:01:55 IST" name="browserInitialization" finished-at="2025-09-09T11:02:00 IST" duration-ms="5594" status="PASS">
          <params>
            <param index="0">
              <value>
                <![CDATA[chrome]]>
              </value>
            </param>
          </params>
          <reporter-output>
          </reporter-output>
        </test-method> <!-- browserInitialization -->
        <test-method signature="verify_UserIs_AbleTo_UpdateCategoryInManageCategory()[pri:0, instance:testDataPackage.ManageCategoryTest@53f3bdbd]" started-at="2025-09-09T11:02:00 IST" name="verify_UserIs_AbleTo_UpdateCategoryInManageCategory" description="To update the category" finished-at="2025-09-09T11:02:08 IST" duration-ms="7272" status="PASS">
          <reporter-output>
          </reporter-output>
        </test-method> <!-- verify_UserIs_AbleTo_UpdateCategoryInManageCategory -->
        <test-method is-config="true" signature="browserQuit(org.testng.ITestResult)[pri:0, instance:testDataPackage.ManageCategoryTest@53f3bdbd]" started-at="2025-09-09T11:02:08 IST" name="browserQuit" finished-at="2025-09-09T11:02:09 IST" duration-ms="983" status="PASS">
          <params>
            <param index="0">
              <value>
                <![CDATA[[TestResult name=verify_UserIs_AbleTo_UpdateCategoryInManageCategory status=SUCCESS method=ManageCategoryTest.verify_UserIs_AbleTo_UpdateCategoryInManageCategory()[pri:0, instance:testDataPackage.ManageCategoryTest@53f3bdbd] output={null}]]]>
              </value>
            </param>
          </params>
          <reporter-output>
          </reporter-output>
        </test-method> <!-- browserQuit -->
      </class> <!-- testDataPackage.ManageCategoryTest -->
      <class name="testDataPackage.LoginTest">
        <test-method is-config="true" signature="browserInitialization(java.lang.String)[pri:0, instance:testDataPackage.LoginTest@62656be4]" started-at="2025-09-09T11:01:19 IST" name="browserInitialization" finished-at="2025-09-09T11:01:25 IST" duration-ms="5795" status="PASS">
          <params>
            <param index="0">
              <value>
                <![CDATA[chrome]]>
              </value>
            </param>
          </params>
          <reporter-output>
          </reporter-output>
        </test-method> <!-- browserInitialization -->
        <test-method signature="verify_UserIs_AbleTo_LoginWithValidCredentials()[pri:1, instance:testDataPackage.LoginTest@62656be4]" started-at="2025-09-09T11:01:25 IST" name="verify_UserIs_AbleTo_LoginWithValidCredentials" description="Login with Valid username and password" finished-at="2025-09-09T11:01:27 IST" duration-ms="2467" status="PASS">
          <reporter-output>
          </reporter-output>
        </test-method> <!-- verify_UserIs_AbleTo_LoginWithValidCredentials -->
        <test-method is-config="true" signature="browserQuit(org.testng.ITestResult)[pri:0, instance:testDataPackage.LoginTest@62656be4]" started-at="2025-09-09T11:01:27 IST" name="browserQuit" finished-at="2025-09-09T11:01:28 IST" duration-ms="896" status="PASS">
          <params>
            <param index="0">
              <value>
                <![CDATA[[TestResult name=verify_UserIs_AbleTo_LoginWithValidCredentials status=SUCCESS method=LoginTest.verify_UserIs_AbleTo_LoginWithValidCredentials()[pri:1, instance:testDataPackage.LoginTest@62656be4] output={null}]]]>
              </value>
            </param>
          </params>
          <reporter-output>
          </reporter-output>
        </test-method> <!-- browserQuit -->
      </class> <!-- testDataPackage.LoginTest -->
    </test> <!-- Test -->
  </suite> <!-- Suite -->
</testng-results>
