<?xml version="1.0" encoding="UTF-8"?>
<!-- Generated by org.testng.reporters.JUnitXMLReporter -->
<testsuite ignored="3" hostname="LAPTOP-OCIA1DL8" failures="0" tests="10" name="Test" time="139.909" errors="0" timestamp="2025-09-09T11:02:33 IST">
  <testcase classname="testDataPackage.ManageNewsTest" name="verify_UserIs_AbleTo_ManageTheNews" time="10.839"/>
  <testcase classname="testDataPackage.ManageNewsTest" name="verify_UserIs_AbleTo_UpdateTheNews" time="5.008"/>
  <testcase classname="testDataPackage.AdminUserTest" name="verify_UserIs_AbleTo_UpdateAdminUserInformation" time="6.88"/>
  <testcase classname="testDataPackage.AdminUserTest" name="verify_User_IsAbleTo_AddAdminUserInformations" time="6.103"/>
  <testcase classname="testDataPackage.LoginTest" name="verify_UserIs_AbleTo_LoginWithValidCredentials" time="2.467"/>
  <testcase classname="testDataPackage.ManageFooterTextTest" name="verify_User_Is_Able_ToUpdate_TheManageFooterText" time="5.546"/>
  <testcase classname="testDataPackage.ManageCategoryTest" name="verify_UserIs_AbleTo_AddCategoryInManageCategory" time="8.089"/>
  <testcase classname="testDataPackage.ManageCategoryTest" name="verify_UserIs_AbleTo_UpdateCategoryInManageCategory" time="7.272"/>
  <testcase classname="testDataPackage.LogoutTest" name="verify_UserIs_AbleTo_LogoutFromTheApplication" time="2.909"/>
  <testcase classname="testDataPackage.ManageContactTest" name="verify_UserIs_AbleTo_UpdateTheContact" time="7.289"/>
  <testcase classname="testDataPackage.LoginTest" name="verify_UserIs_AbleTo_LoginWithInvalidCredentials" time="0.0">
    <ignored/>
  </testcase> <!-- verify_UserIs_AbleTo_LoginWithInvalidCredentials -->
  <testcase classname="testDataPackage.LoginTest" name="verify_UserIs_AbleTo_LoginWithPasswordValidAndUsernameInvalid" time="0.0">
    <ignored/>
  </testcase> <!-- verify_UserIs_AbleTo_LoginWithPasswordValidAndUsernameInvalid -->
  <testcase classname="testDataPackage.LoginTest" name="verify_UserIs_AbleTo_loginWithUsernameValidAndPasswordInvalid" time="0.0">
    <ignored/>
  </testcase> <!-- verify_UserIs_AbleTo_loginWithUsernameValidAndPasswordInvalid -->
</testsuite> <!-- Test -->
