<?xml version="1.0" encoding="UTF-8"?>
<!-- Generated by org.testng.reporters.JUnitXMLReporter -->
<testsuite ignored="3" hostname="LAPTOP-OCIA1DL8" failures="0" tests="10" name="Test" time="113.314" errors="0" timestamp="2025-08-29T10:54:23 IST">
  <testcase classname="testDataPackage.ManageNewsTest" name="manageNews" time="6.396"/>
  <testcase classname="testDataPackage.ManageNewsTest" name="newsUpdate" time="4.402"/>
  <testcase classname="testDataPackage.AdminUserTest" name="addAdminUserInformations" time="5.756"/>
  <testcase classname="testDataPackage.AdminUserTest" name="updateAdminUserInformation" time="5.418"/>
  <testcase classname="testDataPackage.LoginTest" name="loginWithValidCredentials" time="1.937"/>
  <testcase classname="testDataPackage.ManageFooterTextTest" name="footerTextUpdate" time="4.825"/>
  <testcase classname="testDataPackage.ManageCategoryTest" name="addCategory" time="6.232"/>
  <testcase classname="testDataPackage.ManageCategoryTest" name="updateCategory" time="6.76"/>
  <testcase classname="testDataPackage.LogoutTest" name="logout" time="2.481"/>
  <testcase classname="testDataPackage.ManageContactTest" name="updateContact" time="6.191"/>
  <testcase classname="testDataPackage.LoginTest" name="loginWithUsernameValid" time="0.0">
    <ignored/>
  </testcase> <!-- loginWithUsernameValid -->
  <testcase classname="testDataPackage.LoginTest" name="loginWithInvalidCredentials" time="0.0">
    <ignored/>
  </testcase> <!-- loginWithInvalidCredentials -->
  <testcase classname="testDataPackage.LoginTest" name="loginWithPasswordValid" time="0.0">
    <ignored/>
  </testcase> <!-- loginWithPasswordValid -->
</testsuite> <!-- Test -->
