<?xml version="1.0" encoding="UTF-8"?>
<!-- Generated by org.testng.reporters.JUnitXMLReporter -->
<testsuite ignored="0" hostname="LAPTOP-OCIA1DL8" failures="0" tests="3" name="ChromeTest" time="25.432" errors="0" timestamp="2025-08-28T10:01:27 IST">
  <testcase classname="testDataPackage.LogoutTest" name="logout" time="4.72"/>
  <testcase classname="testDataPackage.ManageCategoryTest" name="addCategory" time="7.993"/>
  <testcase classname="testDataPackage.ManageCategoryTest" name="updateCategory" time="3.745"/>
</testsuite> <!-- ChromeTest -->
